Arguments: 
  /usr/local/bin/node /opt/yarn-v1.13.0/bin/yarn.js install --pure-lockfile --production

PATH: 
  /usr/local/sbin:/usr/local/bin:/usr/sbin:/usr/bin:/sbin:/bin

Yarn version: 
  1.13.0

Node version: 
  11.11.0

Platform: 
  linux x64

Trace: 
  SyntaxError: /app/package.json: Unexpected token } in JSON at position 2541
      at JSON.parse (<anonymous>)
      at /opt/yarn-v1.13.0/lib/cli.js:1625:59
      at Generator.next (<anonymous>)
      at step (/opt/yarn-v1.13.0/lib/cli.js:304:30)
      at /opt/yarn-v1.13.0/lib/cli.js:315:13

npm manifest: 
  {
    "name": "ts-express-ddd-seed",
    "description": "A seed sample project to experiment with DDD, Inverisfy.js, Typeorm and CQRS.",
    "version": "0.0.1",
    "author": "Juliano Sanches",
    "license": "MIT",
    "keywords": [
      "DDD",
      "Typescript",
      "Nodejs",
      "CQRS",
      "Typeorm"
    ],
    "repository": {
      "type": "git"
    },
    "main": "dist/src/app.js",
    "scripts": {
      "start": "npm run clean && concurrently \"npm run build:watch\"  \"wait-on -w 0 ./dist/src/app.js && nodemon dist/src/app.js\"",
      "build": "npm run clean; tsc",
      "build:watch": "npm run build -- -w",
      "clean": "rimraf dist",
      "debug": "npm run build && node --nolazy --inspect-brk=9229  dist/src/app.js",
      "dist": "npm run build; cp package.json dist/",
      "lint": "tslint src/**/*.ts test/**/*.ts",
      "release": "npm run lint && npm run test:unit && npm run test:e2e && npm run dist",
      "test:unit": "NODE_ENV=unit-test mocha --opts ./mocha.unit.opts",
      "test:unit:watch": "NODE_ENV=unit-test npm run test:unit -- --watch",
      "test:unit:coverage": "NODE_ENV=unit-test istanbul cover --dir coverage-unit -e .ts _mocha -- --opts mocha.unit.opts",
      "test:e2e": "npm run build && NODE_ENV=test mocha --opts ./mocha.e2e.opts",
      "test:e2e:watch": "npm run test:e2e -- --watch",
      "test:e2e:coverage": "istanbul cover --dir coverage-e2e -e .ts -x *.e2e.spec.ts _mocha -- --opts mocha.e2e.opts",
      "typeorm": "npm install typeorm -g"
    },
    "dependencies": {
      "@types/pg": "^7.4.14",
      "body-parser": "1.18.2",
      "class-validator": "0.7.3",
      "compression": "1.7.1",
      "cookie-parser": "1.4.3",
      "express": "^4.16.2",
      "express-session": "1.15.6",
      "http-status-codes": "1.3.0",
      "inversify": "4.5.1",
      "inversify-express-utils": "4.1.0",
      "method-override": "^2.3.10",
      "morgan": "^1.9.1",
      "mysql": "^2.15.0",
      "pg": "^7.9.0",
      "reflect-metadata": "^0.1.13",
      "rxjs": "^6.4.0",
      "typeorm": "^0.1.21",
      "winston": "2.4.0",
      "@types/express": "4.0.39",
      "@types/sinon": "2.3.7",
      "@types/supertest": "2.0.3",
      "ts-node": "3.3.0",
      "concurrently": "3.5.0",
      "nodemon": "^1.18.11",
      "rimraf": "2.6.2",
      "sinon": "*.1.1",
      "supertest": "3.0.0",
      "typescript": "2.6.1",
      "wait-on": "*.0.2"
    },
    "devDependencies": {
      "@types/body-parser": "1.16.7",
      "@types/chai": "4.0.4",
      "@types/es6-shim": "0.31.35",
      "@types/mocha": "2.2.44",
      "chai": "4.1.2",
      "istanbul": "1.1.0-alpha.1",
      "mocha": "4.0.1",
      "tslint": "5.8.0",
  
  
    },
    "engines": {
      "node": ">= 7.6.0"
    }
  }

yarn manifest: 
  No manifest

Lockfile: 
  No lockfile
